2025-12-14 00:34:22 [ERROR] Error from addOffer type is not defined
2025-12-14 00:49:43 [ERROR] Error from addOffer Offer validation failed: type: `category` is not a valid enum value for path `type`.
