2026-01-14 16:14:55 [ERROR] Error from process payment
2026-01-14 16:15:23 [ERROR] Error from process payment
2026-01-14 18:02:31 [ERROR] Error from download Report totalSales is not defined
2026-01-14 18:02:44 [ERROR] Error from download Report totalSales is not defined
2026-01-14 18:02:49 [ERROR] Error from download Report totalSales is not defined
2026-01-14 18:02:49 [ERROR] Error from download Report totalSales is not defined
2026-01-14 18:02:50 [ERROR] Error from download Report totalSales is not defined
2026-01-14 18:02:52 [ERROR] Error from download Report totalSales is not defined
2026-01-14 18:02:53 [ERROR] Error from download Report totalSales is not defined
2026-01-14 18:03:05 [ERROR] Error from download Report totalSales is not defined
2026-01-14 18:03:12 [ERROR] Error from download Report totalSales is not defined
2026-01-14 18:03:14 [ERROR] Error from download Report totalSales is not defined
2026-01-14 18:03:14 [ERROR] Error from download Report totalSales is not defined
2026-01-14 18:25:43 [ERROR] Error from download Report drawRow is not defined
2026-01-14 19:40:14 [ERROR] Error from download Report ENOENT: no such file or directory, open 'C:\Users\ruble\Desktop\BroToType(Assign)\FirstProject\Project\Shirtora\fontPath'
2026-01-14 19:44:10 [ERROR] Error from download Report fontPath is not defined
2026-01-14 19:52:45 [ERROR] Error from download Report ENOENT: no such file or directory, open 'C:\Users\ruble\Desktop\BroToType(Assign)\FirstProject\Project\Shirtora\public\fonts\NotoSans-Regular.ttf'
2026-01-14 21:09:59 [ERROR] Error from download Report Cannot access 'y' before initialization
2026-01-14 21:10:44 [ERROR] Error from download Report Cannot access 'y' before initialization
2026-01-14 21:24:26 [ERROR] Error from download Report drawCell is not defined
